<?xml version="1.0" encoding="UTF-8"?>
<!-- Generated by org.testng.reporters.JUnitXMLReporter -->
<testsuite ignored="0" hostname="DESKTOP-7FOVLSH" failures="0" tests="3" name="ChromeTest" time="14.792" errors="0" timestamp="2024-11-06T09:58:42 IST">
  <testcase classname="com.EpsomD.WelcomTest.VerifyWelcomePageTest" name="verifyWelcomepageWithValidInput" time="4.205"/>
  <testcase classname="com.EpsomD.WelcomTest.VerifyWelcomePageTest" name="verifyWelcomepageWithInValidInput" time="3.887"/>
  <testcase classname="com.EpsomD.WelcomTest.VerifyWelcomePageTest" name="verifyWelcomepageWithInValidInput" time="3.956"/>
</testsuite> <!-- ChromeTest -->
