<?xml version="1.0" encoding="UTF-8"?>
<!-- Generated by org.testng.reporters.JUnitXMLReporter -->
<testsuite ignored="0" hostname="DESKTOP-7FOVLSH" failures="0" tests="12" name="ChromeTest" time="0.093" errors="0" timestamp="2024-10-29T17:30:32 IST">
  <testcase classname="com.EpsomD.ProductTest.WomensProductTest" name="addproduct" time="0.009"/>
  <testcase classname="com.EpsomD.ProductTest.WomensProductTest" name="removeProduct" time="0.001"/>
  <testcase classname="com.EpsomD.ProductTest.WomensProductTest" name="updatedProduct" time="0.001"/>
  <testcase classname="com.EpsomD.ProductTest.KidsProductTest" name="addProduct" time="0.001"/>
  <testcase classname="com.EpsomD.ProductTest.KidsProductTest" name="removeProduct" time="0.0"/>
  <testcase classname="com.EpsomD.ProductTest.KidsProductTest" name="updateProduct" time="0.002"/>
  <testcase classname="com.EpsomD.ProductTest.ElectronicProductTest" name="addproduct" time="0.002"/>
  <testcase classname="com.EpsomD.ProductTest.ElectronicProductTest" name="removeProduct" time="0.001"/>
  <testcase classname="com.EpsomD.ProductTest.ElectronicProductTest" name="updateProduct" time="0.001"/>
  <testcase classname="com.EpsomD.ProductTest.MensProductTest" name="addproduct" time="0.001"/>
  <testcase classname="com.EpsomD.ProductTest.MensProductTest" name="removeProduct" time="0.001"/>
  <testcase classname="com.EpsomD.ProductTest.MensProductTest" name="updateProduct" time="0.0"/>
</testsuite> <!-- ChromeTest -->
